<?xml version="1.0" encoding="utf-8"?>
<?AutomationStudio Version="4.12.4.107 SP"?>
<Objects>
  <Object
    Path="C:\projects\Bridge_RUC_Motor\Bridge_RUC_Motor\Logical\Package.pkg"
    LogicalPath=""
    Type="Package.ParentUnknown"
    LastWriteTime="133529868189969387" />
  <Object
    Path="C:\projects\Bridge_RUC_Motor\Bridge_RUC_Motor\Logical\Global.typ"
    LogicalPath="Global.typ"
    Type="File"
    LastWriteTime="133529866425576556"
    Private="false" />
  <Object
    Path="C:\projects\Bridge_RUC_Motor\Bridge_RUC_Motor\Logical\Global.var"
    LogicalPath="Global.var"
    Type="File"
    LastWriteTime="133529866427062600"
    Private="false" />
  <Object
    Path="C:\projects\Bridge_RUC_Motor\Bridge_RUC_Motor\Logical\Libraries\Package.pkg"
    LogicalPath="Libraries"
    Type="Package"
    LastWriteTime="133529861718381697" />
  <Object
    Path="C:\projects\Bridge_RUC_Motor\Bridge_RUC_Motor\Logical\Libraries\AsCANopen\binary.lby"
    LogicalPath="Libraries.AsCANopen"
    Type="Library"
    LastWriteTime="133529861718311889" />
  <Object
    Path="C:\projects\Bridge_RUC_Motor\Bridge_RUC_Motor\Logical\Libraries\AsCANopen\AsCANopen.fun"
    LogicalPath="Libraries.AsCANopen.AsCANopen.fun"
    Type="File"
    LastWriteTime="133529861718122411"
    Private="false" />
  <Object
    Path="C:\projects\Bridge_RUC_Motor\Bridge_RUC_Motor\Logical\Libraries\AsCANopen\AsCANopen.typ"
    LogicalPath="Libraries.AsCANopen.AsCANopen.typ"
    Type="File"
    LastWriteTime="133529861718172266"
    Private="false" />
  <Object
    Path="C:\projects\Bridge_RUC_Motor\Bridge_RUC_Motor\Logical\Libraries\AsCANopen\AsCANopen.var"
    LogicalPath="Libraries.AsCANopen.AsCANopen.var"
    Type="File"
    LastWriteTime="133529861718291955"
    Private="false" />
  <Object
    Path="C:\projects\Bridge_RUC_Motor\Bridge_RUC_Motor\Logical\Libraries\AsBrStr\binary.lby"
    LogicalPath="Libraries.AsBrStr"
    Type="Library"
    LastWriteTime="133529861578983762" />
  <Object
    Path="C:\projects\Bridge_RUC_Motor\Bridge_RUC_Motor\Logical\Libraries\AsBrStr\AsBrStr.fun"
    LogicalPath="Libraries.AsBrStr.AsBrStr.fun"
    Type="File"
    LastWriteTime="133529861578894006"
    Private="false" />
  <Object
    Path="C:\projects\Bridge_RUC_Motor\Bridge_RUC_Motor\Logical\Libraries\AsBrStr\AsBrStr.typ"
    LogicalPath="Libraries.AsBrStr.AsBrStr.typ"
    Type="File"
    LastWriteTime="133529861578933895"
    Private="false" />
  <Object
    Path="C:\projects\Bridge_RUC_Motor\Bridge_RUC_Motor\Logical\Libraries\AsBrStr\AsBrStr.var"
    LogicalPath="Libraries.AsBrStr.AsBrStr.var"
    Type="File"
    LastWriteTime="133529861578963811"
    Private="false" />
  <Object
    Path="C:\projects\Bridge_RUC_Motor\Bridge_RUC_Motor\Logical\Libraries\operator\binary.lby"
    LogicalPath="Libraries.operator"
    Type="Library"
    LastWriteTime="133529857083294900" />
  <Object
    Path="C:\projects\Bridge_RUC_Motor\Bridge_RUC_Motor\Logical\Libraries\operator\operator.fun"
    LogicalPath="Libraries.operator.operator.fun"
    Type="File"
    LastWriteTime="133529857083155283"
    Private="false" />
  <Object
    Path="C:\projects\Bridge_RUC_Motor\Bridge_RUC_Motor\Logical\Libraries\operator\operator.typ"
    LogicalPath="Libraries.operator.operator.typ"
    Type="File"
    LastWriteTime="133529857083235056"
    Private="false" />
  <Object
    Path="C:\projects\Bridge_RUC_Motor\Bridge_RUC_Motor\Logical\Libraries\operator\operator.var"
    LogicalPath="Libraries.operator.operator.var"
    Type="File"
    LastWriteTime="133529857083274947"
    Private="false" />
  <Object
    Path="C:\projects\Bridge_RUC_Motor\Bridge_RUC_Motor\Logical\Libraries\runtime\binary.lby"
    LogicalPath="Libraries.runtime"
    Type="Library"
    LastWriteTime="133529857088331419" />
  <Object
    Path="C:\projects\Bridge_RUC_Motor\Bridge_RUC_Motor\Logical\Libraries\runtime\runtime.fun"
    LogicalPath="Libraries.runtime.runtime.fun"
    Type="File"
    LastWriteTime="133529857088201769"
    Private="false" />
  <Object
    Path="C:\projects\Bridge_RUC_Motor\Bridge_RUC_Motor\Logical\Libraries\runtime\runtime.typ"
    LogicalPath="Libraries.runtime.runtime.typ"
    Type="File"
    LastWriteTime="133529857088251638"
    Private="false" />
  <Object
    Path="C:\projects\Bridge_RUC_Motor\Bridge_RUC_Motor\Logical\Libraries\runtime\runtime.var"
    LogicalPath="Libraries.runtime.runtime.var"
    Type="File"
    LastWriteTime="133529857088301505"
    Private="false" />
  <Object
    Path="C:\projects\Bridge_RUC_Motor\Bridge_RUC_Motor\Logical\Libraries\astime\binary.lby"
    LogicalPath="Libraries.astime"
    Type="Library"
    LastWriteTime="133529857093448360" />
  <Object
    Path="C:\projects\Bridge_RUC_Motor\Bridge_RUC_Motor\Logical\Libraries\astime\astime.fun"
    LogicalPath="Libraries.astime.astime.fun"
    Type="File"
    LastWriteTime="133529857093338650"
    Private="false" />
  <Object
    Path="C:\projects\Bridge_RUC_Motor\Bridge_RUC_Motor\Logical\Libraries\astime\astime.typ"
    LogicalPath="Libraries.astime.astime.typ"
    Type="File"
    LastWriteTime="133529857093388510"
    Private="false" />
  <Object
    Path="C:\projects\Bridge_RUC_Motor\Bridge_RUC_Motor\Logical\Libraries\astime\astime.var"
    LogicalPath="Libraries.astime.astime.var"
    Type="File"
    LastWriteTime="133529857093428409"
    Private="false" />
  <Object
    Path="C:\projects\Bridge_RUC_Motor\Bridge_RUC_Motor\Logical\Libraries\AsIecCon\binary.lby"
    LogicalPath="Libraries.AsIecCon"
    Type="Library"
    LastWriteTime="133529857098304806" />
  <Object
    Path="C:\projects\Bridge_RUC_Motor\Bridge_RUC_Motor\Logical\Libraries\AsIecCon\AsIecCon.fun"
    LogicalPath="Libraries.AsIecCon.AsIecCon.fun"
    Type="File"
    LastWriteTime="133529857098201778"
    Private="false" />
  <Object
    Path="C:\projects\Bridge_RUC_Motor\Bridge_RUC_Motor\Logical\Libraries\AsIecCon\AsIecCon.typ"
    LogicalPath="Libraries.AsIecCon.AsIecCon.typ"
    Type="File"
    LastWriteTime="133529857098241680"
    Private="false" />
  <Object
    Path="C:\projects\Bridge_RUC_Motor\Bridge_RUC_Motor\Logical\Libraries\AsIecCon\AsIecCon.var"
    LogicalPath="Libraries.AsIecCon.AsIecCon.var"
    Type="File"
    LastWriteTime="133529857098284859"
    Private="false" />
  <Object
    Path="C:\projects\Bridge_RUC_Motor\Bridge_RUC_Motor\Logical\Libraries\ArCan\binary.lby"
    LogicalPath="Libraries.ArCan"
    Type="Library"
    LastWriteTime="133529861488583531" />
  <Object
    Path="C:\projects\Bridge_RUC_Motor\Bridge_RUC_Motor\Logical\Libraries\ArCan\ArCan.fun"
    LogicalPath="Libraries.ArCan.ArCan.fun"
    Type="File"
    LastWriteTime="133529861488493746"
    Private="false" />
  <Object
    Path="C:\projects\Bridge_RUC_Motor\Bridge_RUC_Motor\Logical\Libraries\ArCan\ArCan.typ"
    LogicalPath="Libraries.ArCan.ArCan.typ"
    Type="File"
    LastWriteTime="133529861488523666"
    Private="false" />
  <Object
    Path="C:\projects\Bridge_RUC_Motor\Bridge_RUC_Motor\Logical\Libraries\ArCan\ArCan.var"
    LogicalPath="Libraries.ArCan.ArCan.var"
    Type="File"
    LastWriteTime="133529861488563594"
    Private="false" />
  <Object
    Path="C:\projects\Bridge_RUC_Motor\Bridge_RUC_Motor\Logical\Libraries\standard\binary.lby"
    LogicalPath="Libraries.standard"
    Type="Library"
    LastWriteTime="133529861677512895" />
  <Object
    Path="C:\projects\Bridge_RUC_Motor\Bridge_RUC_Motor\Logical\Libraries\standard\standard.fun"
    LogicalPath="Libraries.standard.standard.fun"
    Type="File"
    LastWriteTime="133529861677413150"
    Private="false" />
  <Object
    Path="C:\projects\Bridge_RUC_Motor\Bridge_RUC_Motor\Logical\Libraries\standard\standard.typ"
    LogicalPath="Libraries.standard.standard.typ"
    Type="File"
    LastWriteTime="133529861677453052"
    Private="false" />
  <Object
    Path="C:\projects\Bridge_RUC_Motor\Bridge_RUC_Motor\Logical\Libraries\standard\standard.var"
    LogicalPath="Libraries.standard.standard.var"
    Type="File"
    LastWriteTime="133529861677482959"
    Private="false" />
  <Object
    Path="C:\projects\Bridge_RUC_Motor\Bridge_RUC_Motor\Logical\ServoCtrl\ANSIC.prg"
    LogicalPath="ServoCtrl"
    Type="Program"
    LastWriteTime="133529860763047266" />
  <Object
    Path="C:\projects\Bridge_RUC_Motor\Bridge_RUC_Motor\Logical\ServoCtrl\Main.c"
    LogicalPath="ServoCtrl.Main.c"
    Type="File"
    LastWriteTime="133529868845593175"
    Private="false" />
  <Object
    Path="C:\projects\Bridge_RUC_Motor\Bridge_RUC_Motor\Logical\ServoCtrl\Types.typ"
    LogicalPath="ServoCtrl.Types.typ"
    Type="File"
    LastWriteTime="133529860762997393"
    Private="true" />
  <Object
    Path="C:\projects\Bridge_RUC_Motor\Bridge_RUC_Motor\Logical\ServoCtrl\Variables.var"
    LogicalPath="ServoCtrl.Variables.var"
    Type="File"
    LastWriteTime="133529860763027307"
    Private="true" />
  <Object
    Path="C:\projects\Bridge_RUC_Motor\Bridge_RUC_Motor\Logical\GLOBAL_DEFINES.h"
    LogicalPath="GLOBAL_DEFINES.h"
    Type="File"
    LastWriteTime="133529868189949434"
    Private="false" />
  <Object
    Path="C:\projects\Bridge_RUC_Motor\Bridge_RUC_Motor\Physical\Config1\Config.pkg"
    LogicalPath="Config1"
    Type="Configuration.ParentUnknown"
    LastWriteTime="133529857160021412" />
  <Object
    Path="C:\projects\Bridge_RUC_Motor\Bridge_RUC_Motor\Physical\Config1\Hardware.hw"
    LogicalPath="Config1.Hardware.hw"
    Type="File"
    LastWriteTime="133530607651643348"
    Private="false" />
  <Object
    Path="C:\projects\Bridge_RUC_Motor\Bridge_RUC_Motor\Physical\Config1\Hardware.hwl"
    LogicalPath="Config1.Hardware.hwl"
    Type="File"
    LastWriteTime="133529857409196691"
    Private="false" />
  <Object
    Path="C:\projects\Bridge_RUC_Motor\Bridge_RUC_Motor\Physical\Config1\X90CP172_24_00\Cpu.pkg"
    LogicalPath="Config1.X90CP172_24_00"
    Type="Cpu"
    LastWriteTime="133529998718105803" />
  <Object
    Path="C:\projects\Bridge_RUC_Motor\Bridge_RUC_Motor\Physical\Config1\X90CP172_24_00\Cpu.sw"
    LogicalPath="Config1.X90CP172_24_00.Cpu.sw"
    Type="File"
    LastWriteTime="133529863395334588"
    Private="false" />
  <Object
    Path="C:\projects\Bridge_RUC_Motor\Bridge_RUC_Motor\Physical\Config1\X90CP172_24_00\Cpu.per"
    LogicalPath="Config1.X90CP172_24_00.Cpu.per"
    Type="File"
    LastWriteTime="133529857101041868"
    Private="false" />
  <Object
    Path="C:\projects\Bridge_RUC_Motor\Bridge_RUC_Motor\Physical\Config1\X90CP172_24_00\IoMap.iom"
    LogicalPath="Config1.X90CP172_24_00.IoMap.iom"
    Type="File"
    LastWriteTime="133529860315578810"
    Private="false" />
  <Object
    Path="C:\projects\Bridge_RUC_Motor\Bridge_RUC_Motor\Physical\Config1\X90CP172_24_00\PvMap.vvm"
    LogicalPath="Config1.X90CP172_24_00.PvMap.vvm"
    Type="File"
    LastWriteTime="133529857101101596"
    Private="false" />
  <Object
    Path="C:\projects\Bridge_RUC_Motor\Bridge_RUC_Motor\Physical\Config1\X90CP172_24_00\Connectivity\Package.pkg"
    LogicalPath="Config1.X90CP172_24_00.Connectivity"
    Type="Package"
    LastWriteTime="133529857101530452" />
  <Object
    Path="C:\projects\Bridge_RUC_Motor\Bridge_RUC_Motor\Physical\Config1\X90CP172_24_00\Connectivity\OpcUA\Package.pkg"
    LogicalPath="Config1.X90CP172_24_00.Connectivity.OpcUA"
    Type="Package"
    LastWriteTime="133529857101480583" />
  <Object
    Path="C:\projects\Bridge_RUC_Motor\Bridge_RUC_Motor\Physical\Config1\X90CP172_24_00\Connectivity\OpcUaFx\Package.pkg"
    LogicalPath="Config1.X90CP172_24_00.Connectivity.OpcUaFx"
    Type="Package"
    LastWriteTime="133529857101520476" />
  <Object
    Path="C:\projects\Bridge_RUC_Motor\Bridge_RUC_Motor\Physical\Config1\X90CP172_24_00\TextSystem\Package.pkg"
    LogicalPath="Config1.X90CP172_24_00.TextSystem"
    Type="Package"
    LastWriteTime="133529857101600265" />
  <Object
    Path="C:\projects\Bridge_RUC_Motor\Bridge_RUC_Motor\Physical\Config1\X90CP172_24_00\UnitSystem\Package.pkg"
    LogicalPath="Config1.X90CP172_24_00.UnitSystem"
    Type="Package"
    LastWriteTime="133529857101660100" />
  <Object
    Path="C:\projects\Bridge_RUC_Motor\Bridge_RUC_Motor\Physical\Config1\X90CP172_24_00\AccessAndSecurity\Package.pkg"
    LogicalPath="Config1.X90CP172_24_00.AccessAndSecurity"
    Type="Package"
    LastWriteTime="133529857102438061" />
  <Object
    Path="C:\projects\Bridge_RUC_Motor\Bridge_RUC_Motor\Physical\Config1\X90CP172_24_00\AccessAndSecurity\UserRoleSystem\Package.pkg"
    LogicalPath="Config1.X90CP172_24_00.AccessAndSecurity.UserRoleSystem"
    Type="Package"
    LastWriteTime="133529857101869543" />
  <Object
    Path="C:\projects\Bridge_RUC_Motor\Bridge_RUC_Motor\Physical\Config1\X90CP172_24_00\AccessAndSecurity\UserRoleSystem\Role.role"
    LogicalPath="Config1.X90CP172_24_00.AccessAndSecurity.UserRoleSystem.Role.role"
    Type="File"
    LastWriteTime="133529857101809702"
    Private="false" />
  <Object
    Path="C:\projects\Bridge_RUC_Motor\Bridge_RUC_Motor\Physical\Config1\X90CP172_24_00\AccessAndSecurity\UserRoleSystem\User.user"
    LogicalPath="Config1.X90CP172_24_00.AccessAndSecurity.UserRoleSystem.User.user"
    Type="File"
    LastWriteTime="133529857101849597"
    Private="false" />
  <Object
    Path="C:\projects\Bridge_RUC_Motor\Bridge_RUC_Motor\Physical\Config1\X90CP172_24_00\AccessAndSecurity\CertificateStore\Package.pkg"
    LogicalPath="Config1.X90CP172_24_00.AccessAndSecurity.CertificateStore"
    Type="Package"
    LastWriteTime="133529857102288428" />
  <Object
    Path="C:\projects\Bridge_RUC_Motor\Bridge_RUC_Motor\Physical\Config1\X90CP172_24_00\AccessAndSecurity\CertificateStore\OwnCertificates\Package.pkg"
    LogicalPath="Config1.X90CP172_24_00.AccessAndSecurity.CertificateStore.OwnCertificates"
    Type="Package"
    LastWriteTime="133529857102069006" />
  <Object
    Path="C:\projects\Bridge_RUC_Motor\Bridge_RUC_Motor\Physical\Config1\X90CP172_24_00\AccessAndSecurity\CertificateStore\OwnCertificates\Certificates\Package.pkg"
    LogicalPath="Config1.X90CP172_24_00.AccessAndSecurity.CertificateStore.OwnCertificates.Certificates"
    Type="Package"
    LastWriteTime="133529857102019146" />
  <Object
    Path="C:\projects\Bridge_RUC_Motor\Bridge_RUC_Motor\Physical\Config1\X90CP172_24_00\AccessAndSecurity\CertificateStore\OwnCertificates\PrivateKeys\Package.pkg"
    LogicalPath="Config1.X90CP172_24_00.AccessAndSecurity.CertificateStore.OwnCertificates.PrivateKeys"
    Type="Package"
    LastWriteTime="133529857102069006" />
  <Object
    Path="C:\projects\Bridge_RUC_Motor\Bridge_RUC_Motor\Physical\Config1\X90CP172_24_00\AccessAndSecurity\CertificateStore\ThirdPartyCertificates\Package.pkg"
    LogicalPath="Config1.X90CP172_24_00.AccessAndSecurity.CertificateStore.ThirdPartyCertificates"
    Type="Package"
    LastWriteTime="133529857102188686" />
  <Object
    Path="C:\projects\Bridge_RUC_Motor\Bridge_RUC_Motor\Physical\Config1\X90CP172_24_00\AccessAndSecurity\CertificateStore\ThirdPartyCertificates\SoftwareCertificates\Package.pkg"
    LogicalPath="Config1.X90CP172_24_00.AccessAndSecurity.CertificateStore.ThirdPartyCertificates.SoftwareCertificates"
    Type="Package"
    LastWriteTime="133529857102178719" />
  <Object
    Path="C:\projects\Bridge_RUC_Motor\Bridge_RUC_Motor\Physical\Config1\X90CP172_24_00\AccessAndSecurity\CertificateStore\CertificateRevocationLists\Package.pkg"
    LogicalPath="Config1.X90CP172_24_00.AccessAndSecurity.CertificateStore.CertificateRevocationLists"
    Type="Package"
    LastWriteTime="133529857102238559" />
  <Object
    Path="C:\projects\Bridge_RUC_Motor\Bridge_RUC_Motor\Physical\Config1\X90CP172_24_00\AccessAndSecurity\CertificateStore\CertificateSigningRequests\Package.pkg"
    LogicalPath="Config1.X90CP172_24_00.AccessAndSecurity.CertificateStore.CertificateSigningRequests"
    Type="Package"
    LastWriteTime="133529857102278446" />
  <Object
    Path="C:\projects\Bridge_RUC_Motor\Bridge_RUC_Motor\Physical\Config1\X90CP172_24_00\AccessAndSecurity\TransportLayerSecurity\Package.pkg"
    LogicalPath="Config1.X90CP172_24_00.AccessAndSecurity.TransportLayerSecurity"
    Type="Package"
    LastWriteTime="133529857102338288" />
  <Object
    Path="C:\projects\Bridge_RUC_Motor\Bridge_RUC_Motor\Physical\Config1\X90CP172_24_00\AccessAndSecurity\Firewall\Package.pkg"
    LogicalPath="Config1.X90CP172_24_00.AccessAndSecurity.Firewall"
    Type="Package"
    LastWriteTime="133529857102428043" />
  <Object
    Path="C:\projects\Bridge_RUC_Motor\Bridge_RUC_Motor\Physical\Config1\X90CP172_24_00\AccessAndSecurity\Firewall\Rules.firewallRules"
    LogicalPath="Config1.X90CP172_24_00.AccessAndSecurity.Firewall.Rules.firewallRules"
    Type="File"
    LastWriteTime="133529857102418077"
    Private="false" />
  <Object
    Path="C:\projects\Bridge_RUC_Motor\Bridge_RUC_Motor\Physical\Config1\X90CP172_24_00\mappControl\Package.pkg"
    LogicalPath="Config1.X90CP172_24_00.mappControl"
    Type="Package"
    LastWriteTime="133529857102497855" />
  <Object
    Path="C:\projects\Bridge_RUC_Motor\Bridge_RUC_Motor\Physical\Config1\X90CP172_24_00\mappMotion\Package.pkg"
    LogicalPath="Config1.X90CP172_24_00.mappMotion"
    Type="Package"
    LastWriteTime="133529857102587631" />
  <Object
    Path="C:\projects\Bridge_RUC_Motor\Bridge_RUC_Motor\Physical\Config1\X90CP172_24_00\mappServices\Package.pkg"
    LogicalPath="Config1.X90CP172_24_00.mappServices"
    Type="Package"
    LastWriteTime="133529857102647457" />
  <Object
    Path="C:\projects\Bridge_RUC_Motor\Bridge_RUC_Motor\Physical\Config1\X90CP172_24_00\mappSafety\Package.pkg"
    LogicalPath="Config1.X90CP172_24_00.mappSafety"
    Type="Package"
    LastWriteTime="133529857102807028" />
  <Object
    Path="C:\projects\Bridge_RUC_Motor\Bridge_RUC_Motor\Physical\Config1\X90CP172_24_00\mappSafety\SafeApplication\Package.pkg"
    LogicalPath="Config1.X90CP172_24_00.mappSafety.SafeApplication"
    Type="Package"
    LastWriteTime="133529857102747192" />
  <Object
    Path="C:\projects\Bridge_RUC_Motor\Bridge_RUC_Motor\Physical\Config1\X90CP172_24_00\mappSafety\SafeCommissioning\Package.pkg"
    LogicalPath="Config1.X90CP172_24_00.mappSafety.SafeCommissioning"
    Type="Package"
    LastWriteTime="133529857102797065" />
  <Object
    Path="C:\projects\Bridge_RUC_Motor\Bridge_RUC_Motor\Physical\Config1\X90CP172_24_00\mappView\Package.pkg"
    LogicalPath="Config1.X90CP172_24_00.mappView"
    Type="Package"
    LastWriteTime="133529857102866874" />
  <Object
    Path="C:\projects\Bridge_RUC_Motor\Bridge_RUC_Motor\Physical\Config1\X90CP172_24_00\mappVision\Package.pkg"
    LogicalPath="Config1.X90CP172_24_00.mappVision"
    Type="Package"
    LastWriteTime="133529857102956634" />
  <Object
    Path="C:\projects\Bridge_RUC_Motor\Bridge_RUC_Motor\Physical\Config1\X90CP172_24_00\mappCockpit\Package.pkg"
    LogicalPath="Config1.X90CP172_24_00.mappCockpit"
    Type="Package"
    LastWriteTime="133529857103026442" />
  <Object
    Path="C:\projects\Bridge_RUC_Motor\Bridge_RUC_Motor\Physical\Config1\X90CP172_24_00\ExternalHardware\Package.pkg"
    LogicalPath="Config1.X90CP172_24_00.ExternalHardware"
    Type="Package"
    LastWriteTime="133529860316426579" />
  <Object
    Path="C:\projects\Bridge_RUC_Motor\Bridge_RUC_Motor\Physical\Config1\Hardware.jpg"
    LogicalPath="Config1.Hardware.jpg"
    Type="File"
    LastWriteTime="133529857410014499"
    Private="false" />
</Objects>